<?xml version="1.0" encoding="UTF-8"?>
<!-- Generated by org.testng.reporters.JUnitReportReporter -->
<testsuite hostname="DESKTOP-LNIFH2J" name="example.NewTest" tests="1" failures="0" timestamp="24 Dec 2019 20:06:27 GMT" time="0.010" errors="0">
  <testcase name="f" time="0.010" classname="example.NewTest"/>
</testsuite> <!-- example.NewTest -->
